#
# There is insufficient memory for the Java Runtime Environment to continue.
# Native memory allocation (malloc) failed to allocate 1048576 bytes for AllocateHeap
# Possible reasons:
#   The system is out of physical RAM or swap space
#   The process is running with CompressedOops enabled, and the Java Heap may be blocking the growth of the native heap
# Possible solutions:
#   Reduce memory load on the system
#   Increase physical memory or swap space
#   Check if swap backing store is full
#   Decrease Java heap size (-Xmx/-Xms)
#   Decrease number of Java threads
#   Decrease Java thread stack sizes (-Xss)
#   Set larger code cache with -XX:ReservedCodeCacheSize=
#   JVM is running with Unscaled Compressed Oops mode in which the Java heap is
#     placed in the first 4GB address space. The Java Heap base address is the
#     maximum limit for the native heap growth. Please use -XX:HeapBaseMinAddress
#     to set the Java Heap base and to place the Java Heap above 4GB virtual address.
# This output file may be truncated or incomplete.
#
#  Out of Memory Error (memory/allocation.inline.hpp:61), pid=7936, tid=0x0000000000001ea0
#
# JRE version:  (8.0_211-b12) (build )
# Java VM: Java HotSpot(TM) 64-Bit Server VM (25.211-b12 mixed mode windows-amd64 compressed oops)
# Failed to write core dump. Minidumps are not enabled by default on client versions of Windows
#

---------------  T H R E A D  ---------------

Current thread (0x0000000001c2e000):  JavaThread "Unknown thread" [_thread_in_vm, id=7840, stack(0x0000000002580000,0x0000000002680000)]

Stack: [0x0000000002580000,0x0000000002680000]
[error occurred during error reporting (printing stack bounds), id 0xc0000005]

Native frames: (J=compiled Java code, j=interpreted, Vv=VM code, C=native code)


---------------  P R O C E S S  ---------------

Java Threads: ( => current thread )

Other Threads:

=>0x0000000001c2e000 (exited) JavaThread "Unknown thread" [_thread_in_vm, id=7840, stack(0x0000000002580000,0x0000000002680000)]

VM state:not at safepoint (normal execution)

VM Mutex/Monitor currently owned by a thread: None

heap address: 0x00000000c2000000, size: 992 MB, Compressed Oops mode: 32-bit
Narrow klass base: 0x0000000000000000, Narrow klass shift: 0
Compressed class space size: 1073741824 Address: 0x00000000147d0000

Heap:
 PSYoungGen      total 18432K, used 317K [0x00000000eb580000, 0x00000000eca00000, 0x0000000100000000)
  eden space 15872K, 2% used [0x00000000eb580000,0x00000000eb5cf5d0,0x00000000ec500000)
  from space 2560K, 0% used [0x00000000ec780000,0x00000000ec780000,0x00000000eca00000)
  to   space 2560K, 0% used [0x00000000ec500000,0x00000000ec500000,0x00000000ec780000)
 ParOldGen       total 42496K, used 0K [0x00000000c2000000, 0x00000000c4980000, 0x00000000eb580000)
  object space 42496K, 0% used [0x00000000c2000000,0x00000000c2000000,0x00000000c4980000)
 Metaspace       used 751K, capacity 4480K, committed 4480K, reserved 1056768K
  class space    used 76K, capacity 384K, committed 384K, reserved 1048576K

Card table byte_map: [0x0000000011d10000,0x0000000011f10000] byte_map_base: 0x0000000011700000

Marking Bits: (ParMarkBitMap*) 0x0000000066d45ce0
 Begin Bits: [0x00000000126e0000, 0x0000000013660000)
 End Bits:   [0x0000000013660000, 0x00000000145e0000)

Polling page: 0x00000000001b0000

CodeCache: size=245760Kb used=328Kb max_used=328Kb free=245431Kb
 bounds [0x0000000002950000, 0x0000000002bc0000, 0x0000000011950000]
 total_blobs=58 nmethods=0 adapters=38
 compilation: enabled

Compilation events (0 events):
No events

GC Heap History (0 events):
No events

Deoptimization events (0 events):
No events

Classes redefined (0 events):
No events

Internal exceptions (0 events):
No events

Events (10 events):
Event: 0.046 loading class java/lang/Short
Event: 0.046 loading class java/lang/Short done
Event: 0.046 loading class java/lang/Integer
Event: 0.046 loading class java/lang/Integer done
Event: 0.046 loading class java/lang/Long
Event: 0.047 loading class java/lang/Long done
Event: 0.048 loading class java/lang/NullPointerException
Event: 0.048 loading class java/lang/NullPointerException done
Event: 0.048 loading class java/lang/ArithmeticException
Event: 0.049 loading class java/lang/ArithmeticException done


Dynamic libraries:
0x000000013f1e0000 - 0x000000013f217000 	C:\Program Files\Java\jre1.8.0_211\bin\javaw.exe
0x0000000077070000 - 0x0000000077219000 	C:\Windows\SYSTEM32\ntdll.dll
0x0000000076f50000 - 0x000000007706f000 	C:\Windows\system32\kernel32.dll
0x000007fefd0d0000 - 0x000007fefd13b000 	C:\Windows\system32\KERNELBASE.dll
0x000007fefd680000 - 0x000007fefd75b000 	C:\Windows\system32\ADVAPI32.dll
0x000007fefd390000 - 0x000007fefd42f000 	C:\Windows\system32\msvcrt.dll
0x000007fefd760000 - 0x000007fefd77f000 	C:\Windows\SYSTEM32\sechost.dll
0x000007fefdab0000 - 0x000007fefdbdd000 	C:\Windows\system32\RPCRT4.dll
0x0000000076e50000 - 0x0000000076f4a000 	C:\Windows\system32\USER32.dll
0x000007fefdbe0000 - 0x000007fefdc47000 	C:\Windows\system32\GDI32.dll
0x000007fefd490000 - 0x000007fefd49e000 	C:\Windows\system32\LPK.dll
0x000007fefd4a0000 - 0x000007fefd569000 	C:\Windows\system32\USP10.dll
0x000007fefb940000 - 0x000007fefbb34000 	C:\Windows\WinSxS\amd64_microsoft.windows.common-controls_6595b64144ccf1df_6.0.7601.17514_none_fa396087175ac9ac\COMCTL32.dll
0x000007fefd570000 - 0x000007fefd5e1000 	C:\Windows\system32\SHLWAPI.dll
0x000007fefd780000 - 0x000007fefd7ae000 	C:\Windows\system32\IMM32.DLL
0x000007feff090000 - 0x000007feff199000 	C:\Windows\system32\MSCTF.dll
0x000000006e1f0000 - 0x000000006e2c2000 	C:\Program Files\Java\jre1.8.0_211\bin\msvcr100.dll
0x0000000066520000 - 0x0000000066dc5000 	C:\Program Files\Java\jre1.8.0_211\bin\server\jvm.dll
0x000007fefbca0000 - 0x000007fefbca9000 	C:\Windows\system32\WSOCK32.dll
0x000007feff040000 - 0x000007feff08d000 	C:\Windows\system32\WS2_32.dll
0x000007fefd5f0000 - 0x000007fefd5f8000 	C:\Windows\system32\NSI.dll
0x000007fefb640000 - 0x000007fefb67b000 	C:\Windows\system32\WINMM.dll
0x000007fefc120000 - 0x000007fefc12c000 	C:\Windows\system32\VERSION.dll
0x0000000077240000 - 0x0000000077247000 	C:\Windows\system32\PSAPI.DLL
0x000007fefa920000 - 0x000007fefa92f000 	C:\Program Files\Java\jre1.8.0_211\bin\verify.dll
0x000007fefa8f0000 - 0x000007fefa919000 	C:\Program Files\Java\jre1.8.0_211\bin\java.dll
0x000007feeeb90000 - 0x000007feeeba6000 	C:\Program Files\Java\jre1.8.0_211\bin\zip.dll

VM Arguments:
jvm_args: -Dfile.encoding=Cp1252 
java_command: ionixx.Login
java_class_path (initial): C:\Users\USER_2\eclipse-workspace\day_1\bin;C:\com.mysql.jdbc_5.1.5.jar
Launcher Type: SUN_STANDARD

Environment Variables:
PATH=C:/Program Files/Java/jre1.8.0_211/bin/server;C:/Program Files/Java/jre1.8.0_211/bin;C:/Program Files/Java/jre1.8.0_211/lib/amd64;C:\Program Files (x86)\Common Files\Oracle\Java\javapath;C:\Windows\system32;C:\Windows;C:\Windows\System32\Wbem;C:\Windows\System32\WindowsPowerShell\v1.0\;C:\Users\USER_2\eclipse\java-2019-03\eclipse;
USERNAME=USER
OS=Windows_NT
PROCESSOR_IDENTIFIER=Intel64 Family 6 Model 58 Stepping 9, GenuineIntel



---------------  S Y S T E M  ---------------

OS: Windows 7 , 64 bit Build 7601 (6.1.7601.17514)

CPU:total 4 (initial active 4) (2 cores per cpu, 2 threads per core) family 6 model 58 stepping 9, cmov, cx8, fxsr, mmx, sse, sse2, sse3, ssse3, sse4.1, sse4.2, popcnt, avx, aes, clmul, erms, ht, tsc, tscinvbit, tscinv

Memory: 4k page, physical 4055612k(389108k free), swap 16215780k(21552k free)

vm_info: Java HotSpot(TM) 64-Bit Server VM (25.211-b12) for windows-amd64 JRE (1.8.0_211-b12), built on Apr  1 2019 20:53:26 by "java_re" with MS VC++ 10.0 (VS2010)

time: Tue Oct 15 14:38:05 2019
timezone: India Standard Time
elapsed time: 0 seconds (0d 0h 0m 0s)

